<?xml version="1.0" encoding="UTF-8"?>
<testng-results ignored="0" total="3" passed="3" failed="0" skipped="0">
  <reporter-output>
  </reporter-output>
  <suite started-at="2024-01-17T16:25:33 IST" name="Surefire suite" finished-at="2024-01-17T16:27:12 IST" duration-ms="98229">
    <groups>
    </groups>
    <test started-at="2024-01-17T16:25:33 IST" name="Surefire test" finished-at="2024-01-17T16:27:12 IST" duration-ms="98229">
      <class name="com.herokuapp.NegativeTest">
        <test-method signature="negativeTests()[pri:0, instance:com.herokuapp.NegativeTest@27c86f2d]" started-at="2024-01-17T16:25:33 IST" name="negativeTests" finished-at="2024-01-17T16:25:53 IST" duration-ms="19211" status="PASS">
          <reporter-output>
          </reporter-output>
        </test-method> <!-- negativeTests -->
      </class> <!-- com.herokuapp.NegativeTest -->
      <class name="com.herokuapp.PractiseTest">
        <test-method signature="practice()[pri:0, instance:com.herokuapp.PractiseTest@f8c1ddd]" started-at="2024-01-17T16:26:42 IST" name="practice" finished-at="2024-01-17T16:27:12 IST" duration-ms="29166" status="PASS">
          <reporter-output>
          </reporter-output>
        </test-method> <!-- practice -->
      </class> <!-- com.herokuapp.PractiseTest -->
      <class name="com.herokuapp.PositiveTests">
        <test-method signature="login()[pri:0, instance:com.herokuapp.PositiveTests@7fc2413d]" started-at="2024-01-17T16:25:53 IST" name="login" finished-at="2024-01-17T16:26:42 IST" duration-ms="49806" status="PASS">
          <reporter-output>
          </reporter-output>
        </test-method> <!-- login -->
      </class> <!-- com.herokuapp.PositiveTests -->
    </test> <!-- Surefire test -->
  </suite> <!-- Surefire suite -->
</testng-results>
