<?xml version="1.0" encoding="UTF-8"?>
<!-- Generated by org.testng.reporters.JUnitXMLReporter -->
<testsuite ignored="0" hostname="DESKTOP-80A4HDU" failures="0" tests="3" name="Surefire test" time="98.229" errors="0" timestamp="2024-01-17T16:27:12 IST">
  <testcase classname="com.herokuapp.NegativeTest" name="negativeTests" time="19.211"/>
  <testcase classname="com.herokuapp.PositiveTests" name="login" time="49.806"/>
  <testcase classname="com.herokuapp.PractiseTest" name="practice" time="29.166"/>
</testsuite> <!-- Surefire test -->
